<?xml version="1.0" encoding="UTF-8"?>
<!-- Generated by org.testng.reporters.JUnitReportReporter -->
<testsuite hostname="DESKTOP-T4MFR2V" failures="0" tests="1" name="Facebook.Testcases.FacebookLoginTestcases" time="7.070" errors="0" timestamp="20 Mar 2023 07:54:14 GMT" skipped="0">
  <testcase classname="Facebook.Testcases.FacebookLoginTestcases" name="browserLaunch" time="7.070"/>
</testsuite> <!-- Facebook.Testcases.FacebookLoginTestcases -->
